# JRE version: OpenJDK Runtime Environment Temurin-21.0.9+10 (21.0.9+10) (build 21.0.9+10-LTS)
# Java VM: OpenJDK 64-Bit Server VM Temurin-21.0.9+10 (21.0.9+10-LTS, mixed mode, sharing, tiered, compressed oops, compressed class ptrs, parallel gc, windows-amd64)
GC Precious Log:
 CardTable entry size: 512
 CPUs: 12 total, 12 available
 Memory: 16098M
 Large Page Support: Disabled
 NUMA Support: Disabled
 Compressed Oops: Enabled (32-bit)
 Alignments: Space 512K, Generation 512K, Heap 2M
 Heap Min Capacity: 100M
 Heap Initial Capacity: 100M
 Heap Max Capacity: 2G
 Pre-touch: Disabled
 Parallel Workers: 10
Heap:
 PSYoungGen      total 2560K, used 2560K [0x00000000d5580000, 0x00000000d5980000, 0x0000000100000000)
  eden space 2048K, 100% used [0x00000000d5580000,0x00000000d5780000,0x00000000d5780000)
  from space 512K, 100% used [0x00000000d5800000,0x00000000d5880000,0x00000000d5880000)
  to   space 1024K, 0% used [0x00000000d5880000,0x00000000d5880000,0x00000000d5980000)
 ParOldGen       total 181248K, used 180983K [0x0000000080000000, 0x000000008b100000, 0x00000000d5580000)
  object space 181248K, 99% used [0x0000000080000000,0x000000008b0bdf88,0x000000008b100000)
 Metaspace       used 64914K, committed 66432K, reserved 1114112K
  class space    used 6830K, committed 7552K, reserved 1048576K
GC Heap History (20 events):
Event: 46.162 GC heap before
{Heap before GC invocations=217 (full 3):
 PSYoungGen      total 2048K, used 1928K [0x00000000d5580000, 0x00000000d5b00000, 0x0000000100000000)
  eden space 1536K, 100% used [0x00000000d5580000,0x00000000d5700000,0x00000000d5700000)
  from space 512K, 76% used [0x00000000d5700000,0x00000000d57622c0,0x00000000d5780000)
  to   space 1536K, 0% used [0x00000000d5980000,0x00000000d5980000,0x00000000d5b00000)
 ParOldGen       total 178176K, used 178019K [0x0000000080000000, 0x000000008ae00000, 0x00000000d5580000)
  object space 178176K, 99% used [0x0000000080000000,0x000000008add8e28,0x000000008ae00000)
 Metaspace       used 64835K, committed 66368K, reserved 1114112K
  class space    used 6829K, committed 7552K, reserved 1048576K
}
Event: 46.164 GC heap after
{Heap after GC invocations=217 (full 3):
 PSYoungGen      total 2048K, used 448K [0x00000000d5580000, 0x00000000d5a00000, 0x0000000100000000)
  eden space 1536K, 0% used [0x00000000d5580000,0x00000000d5580000,0x00000000d5700000)
  from space 512K, 87% used [0x00000000d5980000,0x00000000d59f0000,0x00000000d5a00000)
  to   space 1024K, 0% used [0x00000000d5800000,0x00000000d5800000,0x00000000d5900000)
 ParOldGen       total 178176K, used 178155K [0x0000000080000000, 0x000000008ae00000, 0x00000000d5580000)
  object space 178176K, 99% used [0x0000000080000000,0x000000008adfae28,0x000000008ae00000)
 Metaspace       used 64835K, committed 66368K, reserved 1114112K
  class space    used 6829K, committed 7552K, reserved 1048576K
}
Event: 46.174 GC heap before
{Heap before GC invocations=218 (full 3):
 PSYoungGen      total 2048K, used 1984K [0x00000000d5580000, 0x00000000d5a00000, 0x0000000100000000)
  eden space 1536K, 100% used [0x00000000d5580000,0x00000000d5700000,0x00000000d5700000)
  from space 512K, 87% used [0x00000000d5980000,0x00000000d59f0000,0x00000000d5a00000)
  to   space 1024K, 0% used [0x00000000d5800000,0x00000000d5800000,0x00000000d5900000)
 ParOldGen       total 178176K, used 178155K [0x0000000080000000, 0x000000008ae00000, 0x00000000d5580000)
  object space 178176K, 99% used [0x0000000080000000,0x000000008adfae28,0x000000008ae00000)
 Metaspace       used 64853K, committed 66368K, reserved 1114112K
  class space    used 6829K, committed 7552K, reserved 1048576K
}
Event: 46.176 GC heap after
{Heap after GC invocations=218 (full 3):
 PSYoungGen      total 2560K, used 501K [0x00000000d5580000, 0x00000000d5a00000, 0x0000000100000000)
  eden space 1536K, 0% used [0x00000000d5580000,0x00000000d5580000,0x00000000d5700000)
  from space 1024K, 48% used [0x00000000d5800000,0x00000000d587d410,0x00000000d5900000)
  to   space 1024K, 0% used [0x00000000d5900000,0x00000000d5900000,0x00000000d5a00000)
 ParOldGen       total 178688K, used 178458K [0x0000000080000000, 0x000000008ae80000, 0x00000000d5580000)
  object space 178688K, 99% used [0x0000000080000000,0x000000008ae46850,0x000000008ae80000)
 Metaspace       used 64853K, committed 66368K, reserved 1114112K
  class space    used 6829K, committed 7552K, reserved 1048576K
}
Event: 46.185 GC heap before
{Heap before GC invocations=219 (full 3):
 PSYoungGen      total 2560K, used 2037K [0x00000000d5580000, 0x00000000d5a00000, 0x0000000100000000)
  eden space 1536K, 100% used [0x00000000d5580000,0x00000000d5700000,0x00000000d5700000)
  from space 1024K, 48% used [0x00000000d5800000,0x00000000d587d410,0x00000000d5900000)
  to   space 1024K, 0% used [0x00000000d5900000,0x00000000d5900000,0x00000000d5a00000)
 ParOldGen       total 178688K, used 178458K [0x0000000080000000, 0x000000008ae80000, 0x00000000d5580000)
  object space 178688K, 99% used [0x0000000080000000,0x000000008ae46850,0x000000008ae80000)
 Metaspace       used 64865K, committed 66368K, reserved 1114112K
  class space    used 6829K, committed 7552K, reserved 1048576K
}
Event: 46.187 GC heap after
{Heap after GC invocations=219 (full 3):
 PSYoungGen      total 2048K, used 464K [0x00000000d5580000, 0x00000000d5980000, 0x0000000100000000)
  eden space 1536K, 0% used [0x00000000d5580000,0x00000000d5580000,0x00000000d5700000)
  from space 512K, 90% used [0x00000000d5900000,0x00000000d5974050,0x00000000d5980000)
  to   space 512K, 0% used [0x00000000d5880000,0x00000000d5880000,0x00000000d5900000)
 ParOldGen       total 179200K, used 178776K [0x0000000080000000, 0x000000008af00000, 0x00000000d5580000)
  object space 179200K, 99% used [0x0000000080000000,0x000000008ae961a0,0x000000008af00000)
 Metaspace       used 64865K, committed 66368K, reserved 1114112K
  class space    used 6829K, committed 7552K, reserved 1048576K
}
Event: 46.197 GC heap before
{Heap before GC invocations=220 (full 3):
 PSYoungGen      total 2048K, used 2000K [0x00000000d5580000, 0x00000000d5980000, 0x0000000100000000)
  eden space 1536K, 100% used [0x00000000d5580000,0x00000000d5700000,0x00000000d5700000)
  from space 512K, 90% used [0x00000000d5900000,0x00000000d5974050,0x00000000d5980000)
  to   space 512K, 0% used [0x00000000d5880000,0x00000000d5880000,0x00000000d5900000)
 ParOldGen       total 179200K, used 178776K [0x0000000080000000, 0x000000008af00000, 0x00000000d5580000)
  object space 179200K, 99% used [0x0000000080000000,0x000000008ae961a0,0x000000008af00000)
 Metaspace       used 64868K, committed 66368K, reserved 1114112K
  class space    used 6829K, committed 7552K, reserved 1048576K
}
Event: 46.199 GC heap after
{Heap after GC invocations=220 (full 3):
 PSYoungGen      total 2048K, used 480K [0x00000000d5580000, 0x00000000d5980000, 0x0000000100000000)
  eden space 1536K, 0% used [0x00000000d5580000,0x00000000d5580000,0x00000000d5700000)
  from space 512K, 93% used [0x00000000d5880000,0x00000000d58f8000,0x00000000d5900000)
  to   space 512K, 0% used [0x00000000d5900000,0x00000000d5900000,0x00000000d5980000)
 ParOldGen       total 179200K, used 179096K [0x0000000080000000, 0x000000008af00000, 0x00000000d5580000)
  object space 179200K, 99% used [0x0000000080000000,0x000000008aee6068,0x000000008af00000)
 Metaspace       used 64868K, committed 66368K, reserved 1114112K
  class space    used 6829K, committed 7552K, reserved 1048576K
}
Event: 46.211 GC heap before
{Heap before GC invocations=221 (full 3):
 PSYoungGen      total 2048K, used 2016K [0x00000000d5580000, 0x00000000d5980000, 0x0000000100000000)
  eden space 1536K, 100% used [0x00000000d5580000,0x00000000d5700000,0x00000000d5700000)
  from space 512K, 93% used [0x00000000d5880000,0x00000000d58f8000,0x00000000d5900000)
  to   space 512K, 0% used [0x00000000d5900000,0x00000000d5900000,0x00000000d5980000)
 ParOldGen       total 179200K, used 179096K [0x0000000080000000, 0x000000008af00000, 0x00000000d5580000)
  object space 179200K, 99% used [0x0000000080000000,0x000000008aee6068,0x000000008af00000)
 Metaspace       used 64871K, committed 66368K, reserved 1114112K
  class space    used 6829K, committed 7552K, reserved 1048576K
}
Event: 46.213 GC heap after
{Heap after GC invocations=221 (full 3):
 PSYoungGen      total 2048K, used 512K [0x00000000d5580000, 0x00000000d5980000, 0x0000000100000000)
  eden space 1536K, 0% used [0x00000000d5580000,0x00000000d5580000,0x00000000d5700000)
  from space 512K, 100% used [0x00000000d5900000,0x00000000d5980000,0x00000000d5980000)
  to   space 1024K, 0% used [0x00000000d5780000,0x00000000d5780000,0x00000000d5880000)
 ParOldGen       total 179712K, used 179486K [0x0000000080000000, 0x000000008af80000, 0x00000000d5580000)
  object space 179712K, 99% used [0x0000000080000000,0x000000008af479c8,0x000000008af80000)
 Metaspace       used 64871K, committed 66368K, reserved 1114112K
  class space    used 6829K, committed 7552K, reserved 1048576K
}
Event: 46.219 GC heap before
{Heap before GC invocations=222 (full 3):
 PSYoungGen      total 2048K, used 2048K [0x00000000d5580000, 0x00000000d5980000, 0x0000000100000000)
  eden space 1536K, 100% used [0x00000000d5580000,0x00000000d5700000,0x00000000d5700000)
  from space 512K, 100% used [0x00000000d5900000,0x00000000d5980000,0x00000000d5980000)
  to   space 1024K, 0% used [0x00000000d5780000,0x00000000d5780000,0x00000000d5880000)
 ParOldGen       total 179712K, used 179486K [0x0000000080000000, 0x000000008af80000, 0x00000000d5580000)
  object space 179712K, 99% used [0x0000000080000000,0x000000008af479c8,0x000000008af80000)
 Metaspace       used 64873K, committed 66368K, reserved 1114112K
  class space    used 6829K, committed 7552K, reserved 1048576K
}
Event: 46.221 GC heap after
{Heap after GC invocations=222 (full 3):
 PSYoungGen      total 2560K, used 437K [0x00000000d5580000, 0x00000000d5980000, 0x0000000100000000)
  eden space 1536K, 0% used [0x00000000d5580000,0x00000000d5580000,0x00000000d5700000)
  from space 1024K, 42% used [0x00000000d5780000,0x00000000d57ed6c0,0x00000000d5880000)
  to   space 1024K, 0% used [0x00000000d5880000,0x00000000d5880000,0x00000000d5980000)
 ParOldGen       total 180224K, used 179840K [0x0000000080000000, 0x000000008b000000, 0x00000000d5580000)
  object space 180224K, 99% used [0x0000000080000000,0x000000008afa0218,0x000000008b000000)
 Metaspace       used 64873K, committed 66368K, reserved 1114112K
  class space    used 6829K, committed 7552K, reserved 1048576K
}
Event: 46.229 GC heap before
{Heap before GC invocations=223 (full 3):
 PSYoungGen      total 2560K, used 1973K [0x00000000d5580000, 0x00000000d5980000, 0x0000000100000000)
  eden space 1536K, 100% used [0x00000000d5580000,0x00000000d5700000,0x00000000d5700000)
  from space 1024K, 42% used [0x00000000d5780000,0x00000000d57ed6c0,0x00000000d5880000)
  to   space 1024K, 0% used [0x00000000d5880000,0x00000000d5880000,0x00000000d5980000)
 ParOldGen       total 180224K, used 179840K [0x0000000080000000, 0x000000008b000000, 0x00000000d5580000)
  object space 180224K, 99% used [0x0000000080000000,0x000000008afa0218,0x000000008b000000)
 Metaspace       used 64879K, committed 66432K, reserved 1114112K
  class space    used 6829K, committed 7552K, reserved 1048576K
}
Event: 46.231 GC heap after
{Heap after GC invocations=223 (full 3):
 PSYoungGen      total 2560K, used 541K [0x00000000d5580000, 0x00000000d5980000, 0x0000000100000000)
  eden space 1536K, 0% used [0x00000000d5580000,0x00000000d5580000,0x00000000d5700000)
  from space 1024K, 52% used [0x00000000d5880000,0x00000000d5907680,0x00000000d5980000)
  to   space 1024K, 0% used [0x00000000d5780000,0x00000000d5780000,0x00000000d5880000)
 ParOldGen       total 180224K, used 180034K [0x0000000080000000, 0x000000008b000000, 0x00000000d5580000)
  object space 180224K, 99% used [0x0000000080000000,0x000000008afd09d8,0x000000008b000000)
 Metaspace       used 64879K, committed 66432K, reserved 1114112K
  class space    used 6829K, committed 7552K, reserved 1048576K
}
Event: 46.240 GC heap before
{Heap before GC invocations=224 (full 3):
 PSYoungGen      total 2560K, used 2077K [0x00000000d5580000, 0x00000000d5980000, 0x0000000100000000)
  eden space 1536K, 100% used [0x00000000d5580000,0x00000000d5700000,0x00000000d5700000)
  from space 1024K, 52% used [0x00000000d5880000,0x00000000d5907680,0x00000000d5980000)
  to   space 1024K, 0% used [0x00000000d5780000,0x00000000d5780000,0x00000000d5880000)
 ParOldGen       total 180224K, used 180034K [0x0000000080000000, 0x000000008b000000, 0x00000000d5580000)
  object space 180224K, 99% used [0x0000000080000000,0x000000008afd09d8,0x000000008b000000)
 Metaspace       used 64885K, committed 66432K, reserved 1114112K
  class space    used 6830K, committed 7552K, reserved 1048576K
}
Event: 46.243 GC heap after
{Heap after GC invocations=224 (full 3):
 PSYoungGen      total 2560K, used 513K [0x00000000d5580000, 0x00000000d5900000, 0x0000000100000000)
  eden space 1536K, 0% used [0x00000000d5580000,0x00000000d5580000,0x00000000d5700000)
  from space 1024K, 50% used [0x00000000d5780000,0x00000000d58005a0,0x00000000d5880000)
  to   space 512K, 0% used [0x00000000d5880000,0x00000000d5880000,0x00000000d5900000)
 ParOldGen       total 180736K, used 180375K [0x0000000080000000, 0x000000008b080000, 0x00000000d5580000)
  object space 180736K, 99% used [0x0000000080000000,0x000000008b025fe0,0x000000008b080000)
 Metaspace       used 64885K, committed 66432K, reserved 1114112K
  class space    used 6830K, committed 7552K, reserved 1048576K
}
Event: 46.247 GC heap before
{Heap before GC invocations=225 (full 3):
 PSYoungGen      total 2560K, used 2049K [0x00000000d5580000, 0x00000000d5900000, 0x0000000100000000)
  eden space 1536K, 100% used [0x00000000d5580000,0x00000000d5700000,0x00000000d5700000)
  from space 1024K, 50% used [0x00000000d5780000,0x00000000d58005a0,0x00000000d5880000)
  to   space 512K, 0% used [0x00000000d5880000,0x00000000d5880000,0x00000000d5900000)
 ParOldGen       total 180736K, used 180375K [0x0000000080000000, 0x000000008b080000, 0x00000000d5580000)
  object space 180736K, 99% used [0x0000000080000000,0x000000008b025fe0,0x000000008b080000)
 Metaspace       used 64885K, committed 66432K, reserved 1114112K
  class space    used 6830K, committed 7552K, reserved 1048576K
}
Event: 46.250 GC heap after
{Heap after GC invocations=225 (full 3):
 PSYoungGen      total 2560K, used 352K [0x00000000d5580000, 0x00000000d5900000, 0x0000000100000000)
  eden space 2048K, 0% used [0x00000000d5580000,0x00000000d5580000,0x00000000d5780000)
  from space 512K, 68% used [0x00000000d5880000,0x00000000d58d8000,0x00000000d5900000)
  to   space 512K, 0% used [0x00000000d5800000,0x00000000d5800000,0x00000000d5880000)
 ParOldGen       total 180736K, used 180685K [0x0000000080000000, 0x000000008b080000, 0x00000000d5580000)
  object space 180736K, 99% used [0x0000000080000000,0x000000008b073798,0x000000008b080000)
 Metaspace       used 64885K, committed 66432K, reserved 1114112K
  class space    used 6830K, committed 7552K, reserved 1048576K
}
Event: 46.261 GC heap before
{Heap before GC invocations=226 (full 3):
 PSYoungGen      total 2560K, used 2400K [0x00000000d5580000, 0x00000000d5900000, 0x0000000100000000)
  eden space 2048K, 100% used [0x00000000d5580000,0x00000000d5780000,0x00000000d5780000)
  from space 512K, 68% used [0x00000000d5880000,0x00000000d58d8000,0x00000000d5900000)
  to   space 512K, 0% used [0x00000000d5800000,0x00000000d5800000,0x00000000d5880000)
 ParOldGen       total 180736K, used 180685K [0x0000000080000000, 0x000000008b080000, 0x00000000d5580000)
  object space 180736K, 99% used [0x0000000080000000,0x000000008b073798,0x000000008b080000)
 Metaspace       used 64903K, committed 66432K, reserved 1114112K
  class space    used 6830K, committed 7552K, reserved 1048576K
}
Event: 46.263 GC heap after
{Heap after GC invocations=226 (full 3):
 PSYoungGen      total 2560K, used 512K [0x00000000d5580000, 0x00000000d5980000, 0x0000000100000000)
  eden space 2048K, 0% used [0x00000000d5580000,0x00000000d5580000,0x00000000d5780000)
  from space 512K, 100% used [0x00000000d5800000,0x00000000d5880000,0x00000000d5880000)
  to   space 1024K, 0% used [0x00000000d5880000,0x00000000d5880000,0x00000000d5980000)
 ParOldGen       total 181248K, used 180983K [0x0000000080000000, 0x000000008b100000, 0x00000000d5580000)
  object space 181248K, 99% used [0x0000000080000000,0x000000008b0bdf88,0x000000008b100000)
 Metaspace       used 64903K, committed 66432K, reserved 1114112K
  class space    used 6830K, committed 7552K, reserved 1048576K
}

